  AddAnimalDlg.cpp
  AssignTasksDlg.cpp
  DlgConfirmExtend.cpp
  DlgVeterinarian.cpp
  myconnectorclassDB.cpp
  MyDlg10.cpp
  MyDlg11.cpp
  MyDlg2.cpp
  MyDlg3.cpp
  MyDlg4.cpp
  MyDlg5.cpp
  MyDlg6.cpp
  MyDlg7.cpp
  MyDlg8.cpp
  NewGodAnimalDlg.cpp
  ZooManagementSystem.cpp
  ZooManagementSystemDlg.cpp
  Generating Code...
myconnectorclassDB.obj : error LNK2019: unresolved external symbol mysql_init referenced in function "public: void __cdecl myconnectorclassDB::connect(void)" (?connect@myconnectorclassDB@@QEAAXXZ)
myconnectorclassDB.obj : error LNK2019: unresolved external symbol mysql_real_connect referenced in function "public: void __cdecl myconnectorclassDB::connect(void)" (?connect@myconnectorclassDB@@QEAAXXZ)
myconnectorclassDB.obj : error LNK2019: unresolved external symbol mysql_query referenced in function "private: void __cdecl myconnectorclassDB::Query(class ATL::CStringT<wchar_t,class StrTraitMFC<wchar_t,class ATL::ChTraitsCRT<wchar_t> > >)" (?Query@myconnectorclassDB@@AEAAXV?$CStringT@_WV?$StrTraitMFC@_WV?$ChTraitsCRT@_W@ATL@@@@@ATL@@@Z)
myconnectorclassDB.obj : error LNK2019: unresolved external symbol mysql_store_result referenced in function "private: void __cdecl myconnectorclassDB::Query(class ATL::CStringT<wchar_t,class StrTraitMFC<wchar_t,class ATL::ChTraitsCRT<wchar_t> > >)" (?Query@myconnectorclassDB@@AEAAXV?$CStringT@_WV?$StrTraitMFC@_WV?$ChTraitsCRT@_W@ATL@@@@@ATL@@@Z)
myconnectorclassDB.obj : error LNK2019: unresolved external symbol mysql_fetch_row referenced in function "public: class std::vector<class ATL::CStringT<wchar_t,class StrTraitMFC<wchar_t,class ATL::ChTraitsCRT<wchar_t> > >,class std::allocator<class ATL::CStringT<wchar_t,class StrTraitMFC<wchar_t,class ATL::ChTraitsCRT<wchar_t> > > > > __cdecl myconnectorclassDB::AcceptedGodanimalsIDs(class ATL::CStringT<wchar_t,class StrTraitMFC<wchar_t,class ATL::ChTraitsCRT<wchar_t> > >)" (?AcceptedGodanimalsIDs@myconnectorclassDB@@QEAA?AV?$vector@V?$CStringT@_WV?$StrTraitMFC@_WV?$ChTraitsCRT@_W@ATL@@@@@ATL@@V?$allocator@V?$CStringT@_WV?$StrTraitMFC@_WV?$ChTraitsCRT@_W@ATL@@@@@ATL@@@std@@@std@@V?$CStringT@_WV?$StrTraitMFC@_WV?$ChTraitsCRT@_W@ATL@@@@@ATL@@@Z)
libmysql.lib : warning LNK4272: library machine type 'x86' conflicts with target machine type 'x64'
C:\Users\José Brida\Desktop\pobd_zoo\project_update\C++\ZooManagementSystem\x64\Debug\ZooManagementSystem.exe : fatal error LNK1120: 5 unresolved externals
